TN:
SF:src/StakingApp.sol
DA:21,14
FN:21,StakingApp.constructor
FNDA:14,StakingApp.constructor
DA:28,14
DA:29,14
DA:30,14
DA:31,14
DA:34,7
FN:34,StakingApp.depositTokens
FNDA:7,StakingApp.depositTokens
DA:35,7
BRDA:35,0,0,1
BRDA:35,0,1,6
DA:36,6
BRDA:36,1,0,1
BRDA:36,1,1,5
DA:40,5
BRDA:40,2,0,-
BRDA:40,2,1,5
DA:46,5
DA:51,5
DA:53,5
BRDA:53,3,0,-
BRDA:53,3,1,5
DA:55,5
DA:57,5
DA:60,2
FN:60,StakingApp.withdraw
FNDA:2,StakingApp.withdraw
DA:61,2
DA:63,2
DA:64,2
DA:66,2
BRDA:66,4,0,-
BRDA:66,4,1,2
DA:68,2
DA:71,4
FN:71,StakingApp.claimRewards
FNDA:4,StakingApp.claimRewards
DA:72,4
BRDA:72,5,0,1
BRDA:72,5,1,3
DA:74,3
DA:75,3
BRDA:75,6,0,1
BRDA:75,6,1,2
DA:77,2
DA:79,2
DA:81,2
BRDA:81,7,0,1
BRDA:81,7,1,1
DA:84,2
FN:84,StakingApp.receive
FNDA:2,StakingApp.receive
DA:85,2
DA:88,2
FN:88,StakingApp.changeStakingPeriod
FNDA:2,StakingApp.changeStakingPeriod
DA:89,1
DA:91,1
FNF:6
FNH:6
LF:32
LH:32
BRF:16
BRH:13
end_of_record
TN:
SF:src/StakingToken.sol
DA:14,6
FN:14,StakingToken.mint
FNDA:6,StakingToken.mint
DA:15,6
FNF:1
FNH:1
LF:2
LH:2
BRF:0
BRH:0
end_of_record
